2024-06-19 01:10:48,808 INFO Create pipline successfull
2024-06-19 01:10:48,808 INFO START READ DATA FROM CSV
2024-06-19 01:10:52,875 INFO RESULT ARR = (160363, 26)
2024-06-19 01:10:52,875 INFO START PIPELINE
2024-06-19 01:10:52,876 INFO Start employ_Pipline, array_np = 
[[     nan      nan      nan      nan      nan]
 [ 1.0e+00  1.0e+00 -7.0e-04 -4.0e-04  1.0e+02]
 [ 1.0e+00  2.0e+00  1.9e-03 -3.0e-04  1.0e+02]]
2024-06-19 01:10:52,876 INFO START delete_names
2024-06-19 01:10:52,876 INFO Delete columns with names in dataframe successfull
2024-06-19 01:10:52,876 INFO FINISH delete_names
2024-06-19 01:10:52,876 INFO START delete_nan_str
2024-06-19 01:26:36,660 INFO Delete NULL lines in dataframe successfull
2024-06-19 01:26:36,660 INFO FINISH delete_nan_str
2024-06-19 01:26:36,660 INFO Standartization dataframe successfull
2024-06-19 01:26:36,660 INFO Start employ_Pipline
2024-06-19 01:26:36,660 INFO Dataset is GOOD  Starting employ pipeline...
2024-06-19 01:26:36,660 INFO Create pipline successfull
2024-06-19 01:26:36,660 INFO START fit_transform
2024-06-19 01:26:37,764 INFO FINISH fit_transform
2024-06-19 01:26:37,775 INFO Finish employ_Pipline, res_dataframe = 
[[-1.81538565 -1.46438155 -1.04142902 -1.115418    0.34595473]
 [-1.81538565 -1.45241094 -1.04127171 -1.11514622  0.34595473]
 [-1.81538565 -1.44044032 -1.04164684 -1.1135155   0.34595473]]
2024-06-19 01:26:37,784 INFO prep_dataset = (160359, 26)
2024-06-19 01:26:37,784 INFO START DIFFERENT TO NORMAL AND ANOMAL
2024-06-19 01:26:37,838 INFO last_time_cycles = [192, 479, 658, 847, 1116, 1304, 1563, 1713, 1914, 2136, 2376, 2546, 2709, 2889, 3096, 3305, 3581, 3776, 3934, 4168, 4363, 4565, 4733, 4880, 5110, 5309, 5465, 5630, 5793, 5987, 6221, 6412, 6612, 6807, 6988, 7146, 7316, 7510, 7638, 7826, 8042, 8238, 8445, 8637, 8795, 9051, 9265, 9496, 9711, 9909, 10122, 10335, 10530, 10787, 10980, 11255, 11392, 11539, 11770, 11942, 12127, 12307, 12481, 12764, 12917, 13119, 13432, 13631, 13993, 14130, 14338, 14551, 14764, 14930, 15159, 15369, 15523, 15754, 15953, 16138, 16378, 16592, 16885, 17152, 17340, 17618, 17796, 18009, 18226, 18380, 18515, 18856, 19011, 19269, 19552, 19888, 20090, 20246, 20431, 20631, 20780, 21049, 21255, 21490, 21644, 21819, 21993, 22144, 22343, 22527, 22798, 23047, 23274, 23467, 23676, 23830, 24010, 24219, 24382, 24536, 24725, 24917, 25128, 25319, 25524, 25711, 25887, 26087, 26238, 26404, 26747, 27028, 27223, 27428, 27624, 27827, 28037, 28214, 28428, 28621, 28883, 29104, 29315, 29520, 29671, 29872, 30118, 30357, 30525, 30747, 31040, 31214, 31362, 31561, 31720, 31883, 32023, 32185, 32379, 32556, 32774, 32958, 33126, 33408, 33614, 33784, 33929, 34114, 34250, 34406, 34600, 34796, 35035, 35193, 35424, 35668, 35853, 36014, 36195, 36416, 36704, 36904, 37074, 37333, 37680, 37870, 38040, 38405, 38593, 38781, 39026, 39214, 39403, 39709, 39907, 40115, 40260, 40427, 40629, 40841, 41052, 41216, 41496, 41724, 42027, 42299, 42444, 42600, 42820, 43041, 43241, 43619, 43851, 44054, 44260, 44467, 44644, 44988, 45162, 45291, 45501, 45686, 45912, 46179, 46347, 46546, 46802, 47105, 47307, 47489, 47769, 47952, 48111, 48358, 48652, 48812, 48960, 49160, 49354, 49568, 49731, 49939, 50105, 50329, 50580, 50843, 51050, 51329, 51618, 51840, 52017, 52201, 52493, 52686, 52912, 53211, 53448, 53756, 53997, 54209, 54433, 54627, 54830, 55079, 55244, 55448, 55680, 55897, 56082, 56261, 56519, 56693, 56844, 57037, 57239, 57403, 57584, 57732, 57913, 58210, 58465, 58665, 58872, 59043, 59205, 59399, 59567, 59715, 59924, 60181, 60400, 60533, 60705, 60853, 61043, 61282, 61436, 61641, 61860, 62087, 62278, 62475, 62744, 62981, 63179, 63400, 63584, 63734, 63935, 64119, 64333, 64482, 64678, 64824, 65050, 65279, 65441, 65678, 65834, 66068, 66246, 66441, 66659, 66833, 66989, 67167, 67351, 67613, 67789, 67975, 68119, 68361, 68551, 68710, 68893, 69132, 69341, 69497, 69760, 70026, 70209, 70482, 70712, 70840, 71093, 71287, 71484, 71718, 71920, 72104, 72370, 72505, 72654, 72914, 73254, 73417, 73726, 73869, 74074, 74390, 74649, 74902, 75124, 75396, 75609, 75887, 76311, 76578, 76984, 77465, 77662, 77832, 78017, 78224, 78426, 78770, 79082, 79529, 79758, 80096, 80316, 80508, 80704, 81198, 81391, 81634, 81954, 82154, 82377, 82595, 82778, 82967, 83198, 83657, 83888, 84212, 84536, 84737, 85025, 85213, 85508, 85701, 86022, 86202, 86407, 86611, 86880, 87054, 87310, 87471, 87661, 87883, 88047, 88241, 88766, 88961, 89176, 89354, 89653, 89843, 90042, 90288, 90519, 90714, 90948, 91113, 91376, 91577, 91747, 91919, 92328, 92560, 92775, 92968, 93227, 93380, 93635, 93856, 94022, 94169, 94516, 94801, 94982, 95208, 95474, 95815, 95987, 96309, 96516, 96697, 96853, 97011, 97182, 97574, 97740, 98231, 98506, 98813, 98958, 99110, 99431, 99730, 100037, 100311, 100504, 100835, 101056, 101286, 101620, 101974, 102275, 102547, 102803, 103056, 103280, 103464, 103615, 103958, 104168, 104413, 104640, 104851, 105131, 105317, 105467, 105764, 105927, 106129, 106376, 106673, 106936, 107155, 107356, 107632, 107853, 107996, 108384, 108561, 108763, 108969, 109248, 109528, 109751, 109954, 110131, 110452, 110827, 111149, 111595, 111767, 112052, 112409, 112713, 112910, 113254, 113601, 113794, 114075, 114252, 114470, 114714, 115011, 115181, 115365, 115716, 115891, 116058, 116221, 116447, 116632, 116944, 117252, 117433, 117677, 117907, 118059, 118207, 118457, 118675, 118980, 119167, 119364, 119548, 119707, 119984, 120216, 120475, 120863, 121031, 121243, 121597, 121788, 121984, 122233, 122472, 122742, 123004, 123249, 123416, 123677, 123937, 124131, 124355, 124558, 124728, 124994, 125177, 125481, 125806, 125992, 126289, 126629, 126813, 126974, 127105, 127449, 127791, 128334, 128521, 128698, 128892, 129066, 129292, 129462, 129701, 130003, 130238, 130486, 130676, 130842, 131212, 131466, 131955, 132202, 132351, 132556, 132781, 132959, 133210, 133508, 133707, 133916, 134100, 134397, 134625, 134928, 135162, 135355, 135616, 135765, 136116, 136378, 136546, 136749, 137044, 137183, 137481, 137880, 138168, 138355, 138658, 138971, 139256, 139636, 139891, 140160, 140423, 140619, 140846, 141007, 141406, 141679, 142136, 142506, 142662, 142842, 143084, 143254, 143689, 144033, 144167, 144372, 144562, 144941, 145200, 145363, 145636, 145890, 146129, 146510, 146807, 146997, 147194, 147339, 147498, 147672, 147842, 148006, 148182, 148407, 148785, 149026, 149350, 149561, 149803, 150066, 150445, 150735, 150896, 151063, 151209, 151438, 151635, 151763, 152124, 152368, 152568, 152804, 152994, 153196, 153470, 153672, 153919, 154187, 154605, 154799, 155086, 155365, 155645, 155895, 156089, 156362, 156651, 156858, 157057, 157282, 157494, 157681, 158046, 158195, 158527, 158749, 159076, 159343, 159548, 159709, 159920, 160104, 160359]
2024-06-19 01:26:37,838 INFO START check_min_repeate_units
2024-06-19 01:26:37,838 INFO rep_last_time_cycles = [479, 179, 189, 269, 188, 259, 150, 201, 222, 240, 170, 163, 180, 207, 209, 276, 195, 158, 234, 195, 202, 168, 147, 230, 199, 156, 165, 163, 194, 234, 191, 200, 195, 181, 158, 170, 194, 128, 188, 216, 196, 207, 192, 158, 256, 214, 231, 215, 198, 213, 213, 195, 257, 193, 275, 137, 147, 231, 172, 185, 180, 174, 283, 153, 202, 313, 199, 362, 137, 208, 213, 213, 166, 229, 210, 154, 231, 199, 185, 240, 214, 293, 267, 188, 278, 178, 213, 217, 154, 135, 341, 155, 258, 283, 336, 202, 156, 185, 200, 149, 269, 206, 235, 154, 175, 174, 151, 199, 184, 271, 249, 227, 193, 209, 154, 180, 209, 163, 154, 189, 192, 211, 191, 205, 187, 176, 200, 151, 166, 343, 281, 195, 205, 196, 203, 210, 177, 214, 193, 262, 221, 211, 205, 151, 201, 246, 239, 168, 222, 293, 174, 148, 199, 159, 163, 140, 162, 194, 177, 218, 184, 168, 282, 206, 170, 145, 185, 136, 156, 194, 196, 239, 158, 231, 244, 185, 161, 181, 221, 288, 200, 170, 259, 347, 190, 170, 365, 188, 188, 245, 188, 189, 306, 198, 208, 145, 167, 202, 212, 211, 164, 280, 228, 303, 272, 145, 156, 220, 221, 200, 378, 232, 203, 206, 207, 177, 344, 174, 129, 210, 185, 226, 267, 168, 199, 256, 303, 202, 182, 280, 183, 159, 247, 294, 160, 148, 200, 194, 214, 163, 208, 166, 224, 251, 263, 207, 279, 289, 222, 177, 184, 292, 193, 226, 299, 237, 308, 241, 212, 224, 194, 203, 249, 165, 204, 232, 217, 185, 179, 258, 174, 151, 193, 202, 164, 181, 148, 181, 297, 255, 200, 207, 171, 162, 194, 168, 148, 209, 257, 219, 133, 172, 148, 190, 239, 154, 205, 219, 227, 191, 197, 269, 237, 198, 221, 184, 150, 201, 184, 214, 149, 196, 146, 226, 229, 162, 237, 156, 234, 178, 195, 218, 174, 156, 178, 184, 262, 176, 186, 144, 242, 190, 159, 183, 239, 209, 156, 263, 266, 183, 273, 230, 128, 253, 194, 197, 234, 202, 184, 266, 135, 149, 260, 340, 163, 309, 143, 205, 316, 259, 253, 222, 272, 213, 278, 424, 267, 406, 481, 197, 170, 185, 207, 202, 344, 312, 447, 229, 338, 220, 192, 196, 494, 193, 243, 320, 200, 223, 218, 183, 189, 231, 459, 231, 324, 324, 201, 288, 188, 295, 193, 321, 180, 205, 204, 269, 174, 256, 161, 190, 222, 164, 194, 525, 195, 215, 178, 299, 190, 199, 246, 231, 195, 234, 165, 263, 201, 170, 172, 409, 232, 215, 193, 259, 153, 255, 221, 166, 147, 347, 285, 181, 226, 266, 341, 172, 322, 207, 181, 156, 158, 171, 392, 166, 491, 275, 307, 145, 152, 321, 299, 307, 274, 193, 331, 221, 230, 334, 354, 301, 272, 256, 253, 224, 184, 151, 343, 210, 245, 227, 211, 280, 186, 150, 297, 163, 202, 247, 297, 263, 219, 201, 276, 221, 143, 388, 177, 202, 206, 279, 280, 223, 203, 177, 321, 375, 322, 446, 172, 285, 357, 304, 197, 344, 347, 193, 281, 177, 218, 244, 297, 170, 184, 351, 175, 167, 163, 226, 185, 312, 308, 181, 244, 230, 152, 148, 250, 218, 305, 187, 197, 184, 159, 277, 232, 259, 388, 168, 212, 354, 191, 196, 249, 239, 270, 262, 245, 167, 261, 260, 194, 224, 203, 170, 266, 183, 304, 325, 186, 297, 340, 184, 161, 131, 344, 342, 543, 187, 177, 194, 174, 226, 170, 239, 302, 235, 248, 190, 166, 370, 254, 489, 247, 149, 205, 225, 178, 251, 298, 199, 209, 184, 297, 228, 303, 234, 193, 261, 149, 351, 262, 168, 203, 295, 139, 298, 399, 288, 187, 303, 313, 285, 380, 255, 269, 263, 196, 227, 161, 399, 273, 457, 370, 156, 180, 242, 170, 435, 344, 134, 205, 190, 379, 259, 163, 273, 254, 239, 381, 297, 190, 197, 145, 159, 174, 170, 164, 176, 225, 378, 241, 324, 211, 242, 263, 379, 290, 161, 167, 146, 229, 197, 128, 361, 244, 200, 236, 190, 202, 274, 202, 247, 268, 418, 194, 287, 279, 280, 250, 194, 273, 289, 207, 199, 225, 212, 187, 365, 149, 332, 222, 327, 267, 205, 161, 211, 184, 255]
2024-06-19 01:26:37,838 INFO MIN last_valid = 128
2024-06-19 01:26:37,838 INFO FINISH check_min_repeate_units
2024-06-19 01:26:37,839 INFO last_valid = 6.0
2024-06-19 01:26:37,839 INFO START different_arrays
2024-06-19 01:41:37,504 INFO main_norm_and_anom_dict [Normal] = (4962, 26)
2024-06-19 01:41:37,504 INFO main_norm_and_anom_dict [Anomal] = (155396, 26)
2024-06-19 01:41:37,906 INFO last_time_cycles = [185, 465, 637, 819, 1081, 1262, 1514, 1657, 1851, 2066, 2299, 2462, 2618, 2791, 2991, 3193, 3462, 3650, 3801, 4028, 4216, 4411, 4572, 4712, 4935, 5127, 5276, 5434, 5590, 5777, 6004, 6188, 6381, 6569, 6743, 6894, 7057, 7244, 7365, 7546, 7755, 7944, 8144, 8329, 8480, 8729, 8936, 9160, 9368, 9559, 9765, 9971, 10159, 10409, 10595, 10863, 10993, 11133, 11357, 11522, 11700, 11873, 12040, 12316, 12462, 12657, 12963, 13155, 13510, 13640, 13841, 14047, 14253, 14412, 14634, 14837, 14984, 15208, 15400, 15578, 15811, 16018, 16304, 16564, 16745, 17016, 17187, 17393, 17603, 17750, 17878, 18212, 18360, 18611, 18887, 19216, 19411, 19560, 19738, 19931, 20073, 20335, 20534, 20762, 20909, 21077, 21244, 21388, 21580, 21757, 22021, 22263, 22483, 22669, 22871, 23018, 23191, 23393, 23549, 23696, 23878, 24063, 24267, 24451, 24649, 24829, 24998, 25191, 25335, 25494, 25830, 26104, 26292, 26490, 26679, 26875, 27078, 27248, 27455, 27641, 27896, 28110, 28314, 28512, 28656, 28850, 29089, 29321, 29482, 29697, 29983, 30150, 30291, 30483, 30635, 30791, 30924, 31079, 31266, 31436, 31647, 31824, 31985, 32260, 32459, 32622, 32760, 32938, 33067, 33216, 33403, 33592, 33824, 33975, 34199, 34436, 34614, 34768, 34942, 35156, 35437, 35630, 35793, 36045, 36385, 36568, 36731, 37089, 37270, 37451, 37689, 37870, 38052, 38351, 38542, 38743, 38881, 39041, 39236, 39441, 39645, 39802, 40075, 40296, 40592, 40857, 40995, 41144, 41357, 41571, 41764, 42135, 42360, 42556, 42755, 42955, 43125, 43462, 43629, 43751, 43954, 44132, 44351, 44611, 44772, 44964, 45213, 45509, 45704, 45879, 46152, 46328, 46480, 46720, 47007, 47160, 47301, 47494, 47681, 47888, 48044, 48245, 48404, 48621, 48865, 49121, 49321, 49593, 49875, 50090, 50260, 50437, 50722, 50908, 51127, 51419, 51649, 51950, 52184, 52389, 52606, 52793, 52989, 53231, 53389, 53586, 53811, 54021, 54199, 54371, 54622, 54789, 54933, 55119, 55314, 55471, 55645, 55786, 55960, 56250, 56498, 56691, 56891, 57055, 57210, 57397, 57558, 57699, 57901, 58151, 58363, 58489, 58654, 58795, 58978, 59210, 59357, 59555, 59767, 59987, 60171, 60361, 60623, 60853, 61044, 61258, 61435, 61578, 61772, 61949, 62156, 62298, 62487, 62626, 62845, 63067, 63222, 63452, 63601, 63828, 63999, 64187, 64398, 64565, 64714, 64885, 65062, 65317, 65486, 65665, 65802, 66037, 66220, 66372, 66548, 66780, 66982, 67131, 67387, 67646, 67822, 68088, 68311, 68432, 68678, 68865, 69055, 69282, 69477, 69654, 69913, 70041, 70183, 70436, 70769, 70925, 71227, 71363, 71561, 71870, 72122, 72368, 72583, 72848, 73054, 73325, 73742, 74002, 74401, 74875, 75065, 75228, 75406, 75606, 75801, 76138, 76443, 76883, 77105, 77436, 77649, 77834, 78023, 78510, 78696, 78932, 79245, 79438, 79654, 79865, 80041, 80223, 80447, 80899, 81123, 81440, 81757, 81951, 82232, 82413, 82701, 82887, 83201, 83374, 83572, 83769, 84031, 84198, 84447, 84601, 84784, 84999, 85156, 85343, 85861, 86049, 86257, 86428, 86720, 86903, 87095, 87334, 87558, 87746, 87973, 88131, 88387, 88581, 88744, 88909, 89311, 89536, 89744, 89930, 90182, 90328, 90576, 90790, 90949, 91089, 91429, 91707, 91881, 92100, 92359, 92693, 92858, 93173, 93373, 93547, 93696, 93847, 94011, 94396, 94555, 95039, 95307, 95607, 95745, 95890, 96204, 96496, 96796, 97063, 97249, 97573, 97787, 98010, 98337, 98684, 98978, 99243, 99492, 99738, 99955, 100132, 100276, 100612, 100815, 101053, 101273, 101477, 101750, 101929, 102072, 102362, 102518, 102713, 102953, 103243, 103499, 103711, 103905, 104174, 104388, 104524, 104905, 105075, 105270, 105469, 105741, 106014, 106230, 106426, 106596, 106910, 107278, 107593, 108032, 108197, 108475, 108825, 109122, 109312, 109649, 109989, 110175, 110449, 110619, 110830, 111067, 111357, 111520, 111697, 112041, 112209, 112369, 112525, 112744, 112922, 113227, 113528, 113702, 113939, 114162, 114307, 114448, 114691, 114902, 115200, 115380, 115570, 115747, 115899, 116169, 116394, 116646, 117027, 117188, 117393, 117740, 117924, 118113, 118355, 118587, 118850, 119105, 119343, 119503, 119757, 120010, 120197, 120414, 120610, 120773, 121032, 121208, 121505, 121823, 122002, 122292, 122625, 122802, 122956, 123080, 123417, 123752, 124288, 124468, 124638, 124825, 124992, 125211, 125374, 125606, 125901, 126129, 126370, 126553, 126712, 127075, 127322, 127804, 128044, 128186, 128384, 128602, 128773, 129017, 129308, 129500, 129702, 129879, 130169, 130390, 130686, 130913, 131099, 131353, 131495, 131839, 132094, 132255, 132451, 132739, 132871, 133162, 133554, 133835, 134015, 134311, 134617, 134895, 135268, 135516, 135778, 136034, 136223, 136443, 136597, 136989, 137255, 137705, 138068, 138217, 138390, 138625, 138788, 139216, 139553, 139680, 139878, 140061, 140433, 140685, 140841, 141107, 141354, 141586, 141960, 142250, 142433, 142623, 142761, 142913, 143080, 143243, 143400, 143569, 143787, 144158, 144392, 144709, 144913, 145148, 145404, 145776, 146059, 146213, 146373, 146512, 146734, 146924, 147045, 147399, 147636, 147829, 148058, 148241, 148436, 148703, 148898, 149138, 149399, 149810, 149997, 150277, 150549, 150822, 151065, 151252, 151518, 151800, 152000, 152192, 152410, 152615, 152795, 153153, 153295, 153620, 153835, 154155, 154415, 154613, 154767, 154971, 155148, 155396]
2024-06-19 01:41:37,906 INFO START check_min_repeate_units
2024-06-19 01:41:37,906 INFO rep_last_time_cycles = [465, 172, 182, 262, 181, 252, 143, 194, 215, 233, 163, 156, 173, 200, 202, 269, 188, 151, 227, 188, 195, 161, 140, 223, 192, 149, 158, 156, 187, 227, 184, 193, 188, 174, 151, 163, 187, 121, 181, 209, 189, 200, 185, 151, 249, 207, 224, 208, 191, 206, 206, 188, 250, 186, 268, 130, 140, 224, 165, 178, 173, 167, 276, 146, 195, 306, 192, 355, 130, 201, 206, 206, 159, 222, 203, 147, 224, 192, 178, 233, 207, 286, 260, 181, 271, 171, 206, 210, 147, 128, 334, 148, 251, 276, 329, 195, 149, 178, 193, 142, 262, 199, 228, 147, 168, 167, 144, 192, 177, 264, 242, 220, 186, 202, 147, 173, 202, 156, 147, 182, 185, 204, 184, 198, 180, 169, 193, 144, 159, 336, 274, 188, 198, 189, 196, 203, 170, 207, 186, 255, 214, 204, 198, 144, 194, 239, 232, 161, 215, 286, 167, 141, 192, 152, 156, 133, 155, 187, 170, 211, 177, 161, 275, 199, 163, 138, 178, 129, 149, 187, 189, 232, 151, 224, 237, 178, 154, 174, 214, 281, 193, 163, 252, 340, 183, 163, 358, 181, 181, 238, 181, 182, 299, 191, 201, 138, 160, 195, 205, 204, 157, 273, 221, 296, 265, 138, 149, 213, 214, 193, 371, 225, 196, 199, 200, 170, 337, 167, 122, 203, 178, 219, 260, 161, 192, 249, 296, 195, 175, 273, 176, 152, 240, 287, 153, 141, 193, 187, 207, 156, 201, 159, 217, 244, 256, 200, 272, 282, 215, 170, 177, 285, 186, 219, 292, 230, 301, 234, 205, 217, 187, 196, 242, 158, 197, 225, 210, 178, 172, 251, 167, 144, 186, 195, 157, 174, 141, 174, 290, 248, 193, 200, 164, 155, 187, 161, 141, 202, 250, 212, 126, 165, 141, 183, 232, 147, 198, 212, 220, 184, 190, 262, 230, 191, 214, 177, 143, 194, 177, 207, 142, 189, 139, 219, 222, 155, 230, 149, 227, 171, 188, 211, 167, 149, 171, 177, 255, 169, 179, 137, 235, 183, 152, 176, 232, 202, 149, 256, 259, 176, 266, 223, 121, 246, 187, 190, 227, 195, 177, 259, 128, 142, 253, 333, 156, 302, 136, 198, 309, 252, 246, 215, 265, 206, 271, 417, 260, 399, 474, 190, 163, 178, 200, 195, 337, 305, 440, 222, 331, 213, 185, 189, 487, 186, 236, 313, 193, 216, 211, 176, 182, 224, 452, 224, 317, 317, 194, 281, 181, 288, 186, 314, 173, 198, 197, 262, 167, 249, 154, 183, 215, 157, 187, 518, 188, 208, 171, 292, 183, 192, 239, 224, 188, 227, 158, 256, 194, 163, 165, 402, 225, 208, 186, 252, 146, 248, 214, 159, 140, 340, 278, 174, 219, 259, 334, 165, 315, 200, 174, 149, 151, 164, 385, 159, 484, 268, 300, 138, 145, 314, 292, 300, 267, 186, 324, 214, 223, 327, 347, 294, 265, 249, 246, 217, 177, 144, 336, 203, 238, 220, 204, 273, 179, 143, 290, 156, 195, 240, 290, 256, 212, 194, 269, 214, 136, 381, 170, 195, 199, 272, 273, 216, 196, 170, 314, 368, 315, 439, 165, 278, 350, 297, 190, 337, 340, 186, 274, 170, 211, 237, 290, 163, 177, 344, 168, 160, 156, 219, 178, 305, 301, 174, 237, 223, 145, 141, 243, 211, 298, 180, 190, 177, 152, 270, 225, 252, 381, 161, 205, 347, 184, 189, 242, 232, 263, 255, 238, 160, 254, 253, 187, 217, 196, 163, 259, 176, 297, 318, 179, 290, 333, 177, 154, 124, 337, 335, 536, 180, 170, 187, 167, 219, 163, 232, 295, 228, 241, 183, 159, 363, 247, 482, 240, 142, 198, 218, 171, 244, 291, 192, 202, 177, 290, 221, 296, 227, 186, 254, 142, 344, 255, 161, 196, 288, 132, 291, 392, 281, 180, 296, 306, 278, 373, 248, 262, 256, 189, 220, 154, 392, 266, 450, 363, 149, 173, 235, 163, 428, 337, 127, 198, 183, 372, 252, 156, 266, 247, 232, 374, 290, 183, 190, 138, 152, 167, 163, 157, 169, 218, 371, 234, 317, 204, 235, 256, 372, 283, 154, 160, 139, 222, 190, 121, 354, 237, 193, 229, 183, 195, 267, 195, 240, 261, 411, 187, 280, 272, 273, 243, 187, 266, 282, 200, 192, 218, 205, 180, 358, 142, 325, 215, 320, 260, 198, 154, 204, 177, 248]
2024-06-19 01:41:37,907 INFO MIN last_valid = 121
2024-06-19 01:41:37,907 INFO FINISH check_min_repeate_units
2024-06-19 01:41:37,907 INFO last_valid = 6.0
2024-06-19 01:41:37,907 INFO START different_arrays
2024-06-19 01:56:27,251 INFO main_anom_and_norm_dict Normal = (151850, 26)
2024-06-19 01:56:27,251 INFO main_anom_and_norm_dict Anomal = (3545, 26)
2024-06-19 01:56:27,416 INFO norm = (4962, 26)
2024-06-19 01:56:27,416 INFO anom = (3545, 26)
2024-06-19 01:56:27,416 INFO START DIFFERENT ANOMAL TO 80 / 20 (STATIC VALIDATE)
2024-06-19 01:56:27,600 INFO df_2 = (709, 26)
2024-06-19 01:56:27,600 INFO new_file_name_2 = Satic_validation_Anomal.csv
2024-06-19 01:56:27,600 INFO out_path_file_2 = C:\Users\Dmitriy\Desktop\Univer\Diplom\diplom_autoencoder\data\final\static_valid
2024-06-19 01:56:27,638 INFO first_diff_Anomal_data = (2836, 26)
2024-06-19 01:56:27,638 INFO static_valid_Anomal_data = (709, 26)
2024-06-19 01:56:27,639 INFO START DIFFERENT NORMAL TO 80 / 20 (STATIC VALIDATE)
2024-06-19 01:56:27,783 INFO df_2 = (993, 26)
2024-06-19 01:56:27,783 INFO new_file_name_2 = Satic_validation_Normal.csv
2024-06-19 01:56:27,783 INFO out_path_file_2 = C:\Users\Dmitriy\Desktop\Univer\Diplom\diplom_autoencoder\data\final\static_valid
2024-06-19 01:56:27,823 INFO first_diff_Normal_data = (3969, 26)
2024-06-19 01:56:27,823 INFO static_valid_Normal_data = (993, 26)
2024-06-19 01:56:27,823 INFO START DIFFERENT ANOMAL TO 80 / 20 (CHOISE AND CONTROL BARRIER)
2024-06-19 01:56:27,824 INFO df_1 = (2268, 26)
2024-06-19 01:56:27,824 INFO new_file_name_1 = Choise_barrier_Anomal.csv
2024-06-19 01:56:27,824 INFO out_path_file_1 = C:\Users\Dmitriy\Desktop\Univer\Diplom\diplom_autoencoder\data\processed\search_barrier
2024-06-19 01:56:27,928 INFO df_2 = (568, 26)
2024-06-19 01:56:27,929 INFO new_file_name_2 = Control_barrier_Anomal.csv
2024-06-19 01:56:27,929 INFO out_path_file_2 = C:\Users\Dmitriy\Desktop\Univer\Diplom\diplom_autoencoder\data\processed\search_barrier
2024-06-19 01:56:27,953 INFO ch_barrier_anomal = (2268, 26)
2024-06-19 01:56:27,953 INFO cntr_barrier_anomal = (568, 26)
2024-06-19 01:56:27,953 INFO START COUNT PROCENT ANORMAL FROM NORMAL
2024-06-19 01:56:27,953 INFO PROCENT FOR  TO CALCULATE THE PART OF NORMAL DATA =: 2836 / 3969 = 0.7145376669186193
2024-06-19 01:56:27,953 INFO START DIFFERENT NORMAL TO 80 / 20 (CHOISE AND CONTROL BARRIER)
2024-06-19 01:56:27,954 INFO sec_diff_Normal_data = (1133, 26)
2024-06-19 01:56:27,954 INFO df_for_Norm_barrier = (2836, 26)
2024-06-19 01:56:27,954 INFO START DIFFERENT NORMAL TO 80 / 20 (CHOISE AND CONTROL BARRIER)
2024-06-19 01:56:27,955 INFO df_1 = (2268, 26)
2024-06-19 01:56:27,956 INFO new_file_name_1 = Choise_barrier_Normal.csv
2024-06-19 01:56:27,956 INFO out_path_file_1 = C:\Users\Dmitriy\Desktop\Univer\Diplom\diplom_autoencoder\data\processed\search_barrier
2024-06-19 01:56:28,053 INFO df_2 = (568, 26)
2024-06-19 01:56:28,053 INFO new_file_name_2 = Control_barrier_Normal.csv
2024-06-19 01:56:28,053 INFO out_path_file_2 = C:\Users\Dmitriy\Desktop\Univer\Diplom\diplom_autoencoder\data\processed\search_barrier
2024-06-19 01:56:28,083 INFO ch_barrier_Normal = (2268, 26)
2024-06-19 01:56:28,083 INFO cntr_barrier_Normal = (568, 26)
2024-06-19 01:56:28,083 INFO START DIFFERENT NORMAL TO 80 / 20 (TRAIN AND TEST)
2024-06-19 01:56:28,084 INFO df_1 = (906, 26)
2024-06-19 01:56:28,084 INFO new_file_name_1 = train.csv
2024-06-19 01:56:28,084 INFO out_path_file_1 = C:\Users\Dmitriy\Desktop\Univer\Diplom\diplom_autoencoder\data\final\train_and_test
2024-06-19 01:56:28,134 INFO df_2 = (227, 26)
2024-06-19 01:56:28,135 INFO new_file_name_2 = test.csv
2024-06-19 01:56:28,135 INFO out_path_file_2 = C:\Users\Dmitriy\Desktop\Univer\Diplom\diplom_autoencoder\data\final\train_and_test
2024-06-19 01:56:28,147 INFO norm_train = (906, 26)
2024-06-19 01:56:28,147 INFO norm_test = (227, 26)
